Start testing: Sep 20 15:15 RTZ 2 (çèìà)
----------------------------------------------------------
1/1 Testing: bej_tests
1/1 Test: bej_tests
Command: "C:/Users/Alina/Downloads/BEJ_Parser_C/build-ninja/tests/bej_tests.exe"
Directory: C:/Users/Alina/Downloads/BEJ_Parser_C/build-ninja/tests
"bej_tests" start time: Sep 20 15:15 RTZ 2 (çèìà)
Output:
----------------------------------------------------------
. ULEB128 basic
. ULEB128 multibyte
OK 4 tests
<end of output>
Test time =   0.01 sec
----------------------------------------------------------
Test Passed.
"bej_tests" end time: Sep 20 15:15 RTZ 2 (çèìà)
"bej_tests" time elapsed: 00:00:00
----------------------------------------------------------

End testing: Sep 20 15:15 RTZ 2 (çèìà)
